INFO  | 2025-01-26 05:19:25 | [main] hibernate.Version (Version.java:44) - HHH000412: Hibernate ORM core version 6.1.5.Final
WARN  | 2025-01-26 05:19:25 | [main] stax.LocalXmlResourceResolver (LocalXmlResourceResolver.java:110) - HHH90000012: Recognized obsolete hibernate namespace http://hibernate.sourceforge.net/hibernate-configuration. Use namespace http://www.hibernate.org/dtd/hibernate-configuration instead.  Support for obsolete DTD/XSD namespaces may be removed at any time.
WARN  | 2025-01-26 05:19:25 | [main] internal.DriverManagerConnectionProviderImpl (DriverManagerConnectionProviderImpl.java:77) - HHH10001002: Using built-in connection pool (not intended for production use)
INFO  | 2025-01-26 05:19:25 | [main] internal.DriverManagerConnectionProviderImpl (DriverManagerConnectionProviderImpl.java:136) - HHH10001005: Loaded JDBC driver class: com.mysql.cj.jdbc.Driver
INFO  | 2025-01-26 05:19:25 | [main] internal.DriverManagerConnectionProviderImpl (DriverManagerConnectionProviderImpl.java:158) - HHH10001012: Connecting with JDBC URL [jdbc:mysql://localhost:3306/busycoder2?useSSL=false]
INFO  | 2025-01-26 05:19:25 | [main] internal.DriverManagerConnectionProviderImpl (DriverManagerConnectionProviderImpl.java:167) - HHH10001001: Connection properties: {password=****, user=root}
INFO  | 2025-01-26 05:19:25 | [main] internal.DriverManagerConnectionProviderImpl (DriverManagerConnectionProviderImpl.java:171) - HHH10001003: Autocommit mode: false
INFO  | 2025-01-26 05:19:25 | [main] internal.DriverManagerConnectionProviderImpl$PooledConnections (DriverManagerConnectionProviderImpl.java:363) - HHH10001115: Connection pool size: 50 (min=1)
INFO  | 2025-01-26 05:19:25 | [main] internal.DialectFactoryImpl (DialectFactoryImpl.java:66) - HHH000400: Using dialect: org.hibernate.dialect.MySQL57Dialect
WARN  | 2025-01-26 05:19:25 | [main] internal.DialectFactoryImpl (DialectFactoryImpl.java:73) - HHH90000026: MySQL57Dialect has been deprecated; use org.hibernate.dialect.MySQLDialect instead
INFO  | 2025-01-26 05:19:26 | [main] internal.DdlTransactionIsolatorNonJtaImpl (DdlTransactionIsolatorNonJtaImpl.java:45) - HHH10001501: Connection obtained from JdbcConnectionAccess [org.hibernate.engine.jdbc.env.internal.JdbcEnvironmentInitiator$ConnectionProviderJdbcConnectionAccess@4872669f] for (non-JTA) DDL execution was not in auto-commit mode; the Connection 'local transaction' will be committed and the Connection will be set into auto-commit mode.
INFO  | 2025-01-26 05:19:26 | [main] internal.JtaPlatformInitiator (JtaPlatformInitiator.java:51) - HHH000490: Using JtaPlatform implementation: [org.hibernate.engine.transaction.jta.platform.internal.NoJtaPlatform]
INFO  | 2025-01-26 05:19:26 | [main] internal.DriverManagerConnectionProviderImpl$PoolState (DriverManagerConnectionProviderImpl.java:605) - HHH10001008: Cleaning up connection pool [jdbc:mysql://localhost:3306/busycoder2?useSSL=false]
INFO  | 2025-01-27 10:21:08 | [main] hibernate.Version (Version.java:44) - HHH000412: Hibernate ORM core version 6.1.5.Final
WARN  | 2025-01-27 10:21:09 | [main] stax.LocalXmlResourceResolver (LocalXmlResourceResolver.java:110) - HHH90000012: Recognized obsolete hibernate namespace http://hibernate.sourceforge.net/hibernate-configuration. Use namespace http://www.hibernate.org/dtd/hibernate-configuration instead.  Support for obsolete DTD/XSD namespaces may be removed at any time.
WARN  | 2025-01-27 10:21:09 | [main] internal.DriverManagerConnectionProviderImpl (DriverManagerConnectionProviderImpl.java:77) - HHH10001002: Using built-in connection pool (not intended for production use)
INFO  | 2025-01-27 10:21:09 | [main] internal.DriverManagerConnectionProviderImpl (DriverManagerConnectionProviderImpl.java:136) - HHH10001005: Loaded JDBC driver class: com.mysql.cj.jdbc.Driver
INFO  | 2025-01-27 10:21:09 | [main] internal.DriverManagerConnectionProviderImpl (DriverManagerConnectionProviderImpl.java:158) - HHH10001012: Connecting with JDBC URL [jdbc:mysql://localhost:3306/hibdemo?useSSL=false]
INFO  | 2025-01-27 10:21:09 | [main] internal.DriverManagerConnectionProviderImpl (DriverManagerConnectionProviderImpl.java:167) - HHH10001001: Connection properties: {password=****, user=root}
INFO  | 2025-01-27 10:21:09 | [main] internal.DriverManagerConnectionProviderImpl (DriverManagerConnectionProviderImpl.java:171) - HHH10001003: Autocommit mode: false
INFO  | 2025-01-27 10:21:09 | [main] internal.DriverManagerConnectionProviderImpl$PooledConnections (DriverManagerConnectionProviderImpl.java:363) - HHH10001115: Connection pool size: 50 (min=1)
INFO  | 2025-01-27 10:21:09 | [main] internal.DialectFactoryImpl (DialectFactoryImpl.java:66) - HHH000400: Using dialect: org.hibernate.dialect.MySQL57Dialect
WARN  | 2025-01-27 10:21:09 | [main] internal.DialectFactoryImpl (DialectFactoryImpl.java:73) - HHH90000026: MySQL57Dialect has been deprecated; use org.hibernate.dialect.MySQLDialect instead
INFO  | 2025-01-27 10:21:10 | [main] internal.DdlTransactionIsolatorNonJtaImpl (DdlTransactionIsolatorNonJtaImpl.java:45) - HHH10001501: Connection obtained from JdbcConnectionAccess [org.hibernate.engine.jdbc.env.internal.JdbcEnvironmentInitiator$ConnectionProviderJdbcConnectionAccess@1e54a6b1] for (non-JTA) DDL execution was not in auto-commit mode; the Connection 'local transaction' will be committed and the Connection will be set into auto-commit mode.
INFO  | 2025-01-27 10:21:10 | [main] internal.DdlTransactionIsolatorNonJtaImpl (DdlTransactionIsolatorNonJtaImpl.java:45) - HHH10001501: Connection obtained from JdbcConnectionAccess [org.hibernate.engine.jdbc.env.internal.JdbcEnvironmentInitiator$ConnectionProviderJdbcConnectionAccess@12d2ddde] for (non-JTA) DDL execution was not in auto-commit mode; the Connection 'local transaction' will be committed and the Connection will be set into auto-commit mode.
INFO  | 2025-01-27 10:21:10 | [main] internal.JtaPlatformInitiator (JtaPlatformInitiator.java:51) - HHH000490: Using JtaPlatform implementation: [org.hibernate.engine.transaction.jta.platform.internal.NoJtaPlatform]
INFO  | 2025-01-27 10:21:10 | [main] internal.SchemaDropperImpl$DelayedDropActionImpl (SchemaDropperImpl.java:585) - HHH000477: Starting delayed evictData of schema as part of SessionFactory shut-down'
INFO  | 2025-01-27 10:21:10 | [main] internal.DdlTransactionIsolatorNonJtaImpl (DdlTransactionIsolatorNonJtaImpl.java:45) - HHH10001501: Connection obtained from JdbcConnectionAccess [org.hibernate.engine.jdbc.env.internal.JdbcEnvironmentInitiator$ConnectionProviderJdbcConnectionAccess@1625789b] for (non-JTA) DDL execution was not in auto-commit mode; the Connection 'local transaction' will be committed and the Connection will be set into auto-commit mode.
INFO  | 2025-01-27 10:21:10 | [main] internal.DriverManagerConnectionProviderImpl$PoolState (DriverManagerConnectionProviderImpl.java:605) - HHH10001008: Cleaning up connection pool [jdbc:mysql://localhost:3306/hibdemo?useSSL=false]
INFO  | 2025-01-27 10:22:04 | [main] hibernate.Version (Version.java:44) - HHH000412: Hibernate ORM core version 6.1.5.Final
WARN  | 2025-01-27 10:22:04 | [main] stax.LocalXmlResourceResolver (LocalXmlResourceResolver.java:110) - HHH90000012: Recognized obsolete hibernate namespace http://hibernate.sourceforge.net/hibernate-configuration. Use namespace http://www.hibernate.org/dtd/hibernate-configuration instead.  Support for obsolete DTD/XSD namespaces may be removed at any time.
WARN  | 2025-01-27 10:22:04 | [main] internal.DriverManagerConnectionProviderImpl (DriverManagerConnectionProviderImpl.java:77) - HHH10001002: Using built-in connection pool (not intended for production use)
INFO  | 2025-01-27 10:22:04 | [main] internal.DriverManagerConnectionProviderImpl (DriverManagerConnectionProviderImpl.java:136) - HHH10001005: Loaded JDBC driver class: com.mysql.cj.jdbc.Driver
INFO  | 2025-01-27 10:22:04 | [main] internal.DriverManagerConnectionProviderImpl (DriverManagerConnectionProviderImpl.java:158) - HHH10001012: Connecting with JDBC URL [jdbc:mysql://localhost:3306/hibdemo?useSSL=false]
INFO  | 2025-01-27 10:22:04 | [main] internal.DriverManagerConnectionProviderImpl (DriverManagerConnectionProviderImpl.java:167) - HHH10001001: Connection properties: {password=****, user=root}
INFO  | 2025-01-27 10:22:04 | [main] internal.DriverManagerConnectionProviderImpl (DriverManagerConnectionProviderImpl.java:171) - HHH10001003: Autocommit mode: false
INFO  | 2025-01-27 10:22:04 | [main] internal.DriverManagerConnectionProviderImpl$PooledConnections (DriverManagerConnectionProviderImpl.java:363) - HHH10001115: Connection pool size: 50 (min=1)
INFO  | 2025-01-27 10:22:04 | [main] internal.DialectFactoryImpl (DialectFactoryImpl.java:66) - HHH000400: Using dialect: org.hibernate.dialect.MySQL57Dialect
WARN  | 2025-01-27 10:22:04 | [main] internal.DialectFactoryImpl (DialectFactoryImpl.java:73) - HHH90000026: MySQL57Dialect has been deprecated; use org.hibernate.dialect.MySQLDialect instead
INFO  | 2025-01-27 10:22:05 | [main] internal.DdlTransactionIsolatorNonJtaImpl (DdlTransactionIsolatorNonJtaImpl.java:45) - HHH10001501: Connection obtained from JdbcConnectionAccess [org.hibernate.engine.jdbc.env.internal.JdbcEnvironmentInitiator$ConnectionProviderJdbcConnectionAccess@4872669f] for (non-JTA) DDL execution was not in auto-commit mode; the Connection 'local transaction' will be committed and the Connection will be set into auto-commit mode.
INFO  | 2025-01-27 10:22:05 | [main] internal.JtaPlatformInitiator (JtaPlatformInitiator.java:51) - HHH000490: Using JtaPlatform implementation: [org.hibernate.engine.transaction.jta.platform.internal.NoJtaPlatform]
INFO  | 2025-01-27 10:22:05 | [main] internal.DriverManagerConnectionProviderImpl$PoolState (DriverManagerConnectionProviderImpl.java:605) - HHH10001008: Cleaning up connection pool [jdbc:mysql://localhost:3306/hibdemo?useSSL=false]
INFO  | 2025-01-27 10:23:51 | [main] hibernate.Version (Version.java:44) - HHH000412: Hibernate ORM core version 6.1.5.Final
WARN  | 2025-01-27 10:23:51 | [main] stax.LocalXmlResourceResolver (LocalXmlResourceResolver.java:110) - HHH90000012: Recognized obsolete hibernate namespace http://hibernate.sourceforge.net/hibernate-configuration. Use namespace http://www.hibernate.org/dtd/hibernate-configuration instead.  Support for obsolete DTD/XSD namespaces may be removed at any time.
WARN  | 2025-01-27 10:23:51 | [main] internal.DriverManagerConnectionProviderImpl (DriverManagerConnectionProviderImpl.java:77) - HHH10001002: Using built-in connection pool (not intended for production use)
INFO  | 2025-01-27 10:23:51 | [main] internal.DriverManagerConnectionProviderImpl (DriverManagerConnectionProviderImpl.java:136) - HHH10001005: Loaded JDBC driver class: com.mysql.cj.jdbc.Driver
INFO  | 2025-01-27 10:23:51 | [main] internal.DriverManagerConnectionProviderImpl (DriverManagerConnectionProviderImpl.java:158) - HHH10001012: Connecting with JDBC URL [jdbc:mysql://localhost:3306/hibdemo?useSSL=false]
INFO  | 2025-01-27 10:23:51 | [main] internal.DriverManagerConnectionProviderImpl (DriverManagerConnectionProviderImpl.java:167) - HHH10001001: Connection properties: {password=****, user=root}
INFO  | 2025-01-27 10:23:51 | [main] internal.DriverManagerConnectionProviderImpl (DriverManagerConnectionProviderImpl.java:171) - HHH10001003: Autocommit mode: false
INFO  | 2025-01-27 10:23:51 | [main] internal.DriverManagerConnectionProviderImpl$PooledConnections (DriverManagerConnectionProviderImpl.java:363) - HHH10001115: Connection pool size: 50 (min=1)
INFO  | 2025-01-27 10:23:52 | [main] internal.DialectFactoryImpl (DialectFactoryImpl.java:66) - HHH000400: Using dialect: org.hibernate.dialect.MySQL57Dialect
WARN  | 2025-01-27 10:23:52 | [main] internal.DialectFactoryImpl (DialectFactoryImpl.java:73) - HHH90000026: MySQL57Dialect has been deprecated; use org.hibernate.dialect.MySQLDialect instead
INFO  | 2025-01-27 10:23:52 | [main] internal.DdlTransactionIsolatorNonJtaImpl (DdlTransactionIsolatorNonJtaImpl.java:45) - HHH10001501: Connection obtained from JdbcConnectionAccess [org.hibernate.engine.jdbc.env.internal.JdbcEnvironmentInitiator$ConnectionProviderJdbcConnectionAccess@4872669f] for (non-JTA) DDL execution was not in auto-commit mode; the Connection 'local transaction' will be committed and the Connection will be set into auto-commit mode.
INFO  | 2025-01-27 10:23:52 | [main] internal.JtaPlatformInitiator (JtaPlatformInitiator.java:51) - HHH000490: Using JtaPlatform implementation: [org.hibernate.engine.transaction.jta.platform.internal.NoJtaPlatform]
INFO  | 2025-01-27 10:23:52 | [main] internal.DriverManagerConnectionProviderImpl$PoolState (DriverManagerConnectionProviderImpl.java:605) - HHH10001008: Cleaning up connection pool [jdbc:mysql://localhost:3306/hibdemo?useSSL=false]
INFO  | 2025-01-27 10:24:37 | [main] hibernate.Version (Version.java:44) - HHH000412: Hibernate ORM core version 6.1.5.Final
WARN  | 2025-01-27 10:24:37 | [main] stax.LocalXmlResourceResolver (LocalXmlResourceResolver.java:110) - HHH90000012: Recognized obsolete hibernate namespace http://hibernate.sourceforge.net/hibernate-configuration. Use namespace http://www.hibernate.org/dtd/hibernate-configuration instead.  Support for obsolete DTD/XSD namespaces may be removed at any time.
WARN  | 2025-01-27 10:24:38 | [main] internal.DriverManagerConnectionProviderImpl (DriverManagerConnectionProviderImpl.java:77) - HHH10001002: Using built-in connection pool (not intended for production use)
INFO  | 2025-01-27 10:24:38 | [main] internal.DriverManagerConnectionProviderImpl (DriverManagerConnectionProviderImpl.java:136) - HHH10001005: Loaded JDBC driver class: com.mysql.cj.jdbc.Driver
INFO  | 2025-01-27 10:24:38 | [main] internal.DriverManagerConnectionProviderImpl (DriverManagerConnectionProviderImpl.java:158) - HHH10001012: Connecting with JDBC URL [jdbc:mysql://localhost:3306/hibdemo?useSSL=false]
INFO  | 2025-01-27 10:24:38 | [main] internal.DriverManagerConnectionProviderImpl (DriverManagerConnectionProviderImpl.java:167) - HHH10001001: Connection properties: {password=****, user=root}
INFO  | 2025-01-27 10:24:38 | [main] internal.DriverManagerConnectionProviderImpl (DriverManagerConnectionProviderImpl.java:171) - HHH10001003: Autocommit mode: false
INFO  | 2025-01-27 10:24:38 | [main] internal.DriverManagerConnectionProviderImpl$PooledConnections (DriverManagerConnectionProviderImpl.java:363) - HHH10001115: Connection pool size: 50 (min=1)
INFO  | 2025-01-27 10:24:38 | [main] internal.DialectFactoryImpl (DialectFactoryImpl.java:66) - HHH000400: Using dialect: org.hibernate.dialect.MySQL57Dialect
WARN  | 2025-01-27 10:24:38 | [main] internal.DialectFactoryImpl (DialectFactoryImpl.java:73) - HHH90000026: MySQL57Dialect has been deprecated; use org.hibernate.dialect.MySQLDialect instead
INFO  | 2025-01-27 10:24:38 | [main] internal.DdlTransactionIsolatorNonJtaImpl (DdlTransactionIsolatorNonJtaImpl.java:45) - HHH10001501: Connection obtained from JdbcConnectionAccess [org.hibernate.engine.jdbc.env.internal.JdbcEnvironmentInitiator$ConnectionProviderJdbcConnectionAccess@4872669f] for (non-JTA) DDL execution was not in auto-commit mode; the Connection 'local transaction' will be committed and the Connection will be set into auto-commit mode.
INFO  | 2025-01-27 10:24:39 | [main] internal.JtaPlatformInitiator (JtaPlatformInitiator.java:51) - HHH000490: Using JtaPlatform implementation: [org.hibernate.engine.transaction.jta.platform.internal.NoJtaPlatform]
INFO  | 2025-01-27 10:24:39 | [main] internal.DriverManagerConnectionProviderImpl$PoolState (DriverManagerConnectionProviderImpl.java:605) - HHH10001008: Cleaning up connection pool [jdbc:mysql://localhost:3306/hibdemo?useSSL=false]
INFO  | 2025-01-27 10:27:59 | [main] hibernate.Version (Version.java:44) - HHH000412: Hibernate ORM core version 6.1.5.Final
WARN  | 2025-01-27 10:27:59 | [main] stax.LocalXmlResourceResolver (LocalXmlResourceResolver.java:110) - HHH90000012: Recognized obsolete hibernate namespace http://hibernate.sourceforge.net/hibernate-configuration. Use namespace http://www.hibernate.org/dtd/hibernate-configuration instead.  Support for obsolete DTD/XSD namespaces may be removed at any time.
WARN  | 2025-01-27 10:28:00 | [main] internal.DriverManagerConnectionProviderImpl (DriverManagerConnectionProviderImpl.java:77) - HHH10001002: Using built-in connection pool (not intended for production use)
INFO  | 2025-01-27 10:28:00 | [main] internal.DriverManagerConnectionProviderImpl (DriverManagerConnectionProviderImpl.java:136) - HHH10001005: Loaded JDBC driver class: com.mysql.cj.jdbc.Driver
INFO  | 2025-01-27 10:28:00 | [main] internal.DriverManagerConnectionProviderImpl (DriverManagerConnectionProviderImpl.java:158) - HHH10001012: Connecting with JDBC URL [jdbc:mysql://localhost:3306/hibdemo?useSSL=false]
INFO  | 2025-01-27 10:28:00 | [main] internal.DriverManagerConnectionProviderImpl (DriverManagerConnectionProviderImpl.java:167) - HHH10001001: Connection properties: {password=****, user=root}
INFO  | 2025-01-27 10:28:00 | [main] internal.DriverManagerConnectionProviderImpl (DriverManagerConnectionProviderImpl.java:171) - HHH10001003: Autocommit mode: false
INFO  | 2025-01-27 10:28:00 | [main] internal.DriverManagerConnectionProviderImpl$PooledConnections (DriverManagerConnectionProviderImpl.java:363) - HHH10001115: Connection pool size: 50 (min=1)
INFO  | 2025-01-27 10:28:00 | [main] internal.DialectFactoryImpl (DialectFactoryImpl.java:66) - HHH000400: Using dialect: org.hibernate.dialect.MySQL57Dialect
WARN  | 2025-01-27 10:28:00 | [main] internal.DialectFactoryImpl (DialectFactoryImpl.java:73) - HHH90000026: MySQL57Dialect has been deprecated; use org.hibernate.dialect.MySQLDialect instead
INFO  | 2025-01-27 10:28:00 | [main] internal.DdlTransactionIsolatorNonJtaImpl (DdlTransactionIsolatorNonJtaImpl.java:45) - HHH10001501: Connection obtained from JdbcConnectionAccess [org.hibernate.engine.jdbc.env.internal.JdbcEnvironmentInitiator$ConnectionProviderJdbcConnectionAccess@4872669f] for (non-JTA) DDL execution was not in auto-commit mode; the Connection 'local transaction' will be committed and the Connection will be set into auto-commit mode.
INFO  | 2025-01-27 10:28:01 | [main] internal.JtaPlatformInitiator (JtaPlatformInitiator.java:51) - HHH000490: Using JtaPlatform implementation: [org.hibernate.engine.transaction.jta.platform.internal.NoJtaPlatform]
INFO  | 2025-01-27 10:28:01 | [main] internal.DriverManagerConnectionProviderImpl$PoolState (DriverManagerConnectionProviderImpl.java:605) - HHH10001008: Cleaning up connection pool [jdbc:mysql://localhost:3306/hibdemo?useSSL=false]
INFO  | 2025-01-27 10:29:54 | [main] hibernate.Version (Version.java:44) - HHH000412: Hibernate ORM core version 6.1.5.Final
WARN  | 2025-01-27 10:29:54 | [main] stax.LocalXmlResourceResolver (LocalXmlResourceResolver.java:110) - HHH90000012: Recognized obsolete hibernate namespace http://hibernate.sourceforge.net/hibernate-configuration. Use namespace http://www.hibernate.org/dtd/hibernate-configuration instead.  Support for obsolete DTD/XSD namespaces may be removed at any time.
WARN  | 2025-01-27 10:29:54 | [main] internal.DriverManagerConnectionProviderImpl (DriverManagerConnectionProviderImpl.java:77) - HHH10001002: Using built-in connection pool (not intended for production use)
INFO  | 2025-01-27 10:29:54 | [main] internal.DriverManagerConnectionProviderImpl (DriverManagerConnectionProviderImpl.java:136) - HHH10001005: Loaded JDBC driver class: com.mysql.cj.jdbc.Driver
INFO  | 2025-01-27 10:29:54 | [main] internal.DriverManagerConnectionProviderImpl (DriverManagerConnectionProviderImpl.java:158) - HHH10001012: Connecting with JDBC URL [jdbc:mysql://localhost:3306/hibdemo?useSSL=false]
INFO  | 2025-01-27 10:29:54 | [main] internal.DriverManagerConnectionProviderImpl (DriverManagerConnectionProviderImpl.java:167) - HHH10001001: Connection properties: {password=****, user=root}
INFO  | 2025-01-27 10:29:54 | [main] internal.DriverManagerConnectionProviderImpl (DriverManagerConnectionProviderImpl.java:171) - HHH10001003: Autocommit mode: false
INFO  | 2025-01-27 10:29:54 | [main] internal.DriverManagerConnectionProviderImpl$PooledConnections (DriverManagerConnectionProviderImpl.java:363) - HHH10001115: Connection pool size: 50 (min=1)
INFO  | 2025-01-27 10:29:55 | [main] internal.DialectFactoryImpl (DialectFactoryImpl.java:66) - HHH000400: Using dialect: org.hibernate.dialect.MySQL57Dialect
WARN  | 2025-01-27 10:29:55 | [main] internal.DialectFactoryImpl (DialectFactoryImpl.java:73) - HHH90000026: MySQL57Dialect has been deprecated; use org.hibernate.dialect.MySQLDialect instead
INFO  | 2025-01-27 10:29:55 | [main] internal.DdlTransactionIsolatorNonJtaImpl (DdlTransactionIsolatorNonJtaImpl.java:45) - HHH10001501: Connection obtained from JdbcConnectionAccess [org.hibernate.engine.jdbc.env.internal.JdbcEnvironmentInitiator$ConnectionProviderJdbcConnectionAccess@4872669f] for (non-JTA) DDL execution was not in auto-commit mode; the Connection 'local transaction' will be committed and the Connection will be set into auto-commit mode.
INFO  | 2025-01-27 10:29:55 | [main] internal.JtaPlatformInitiator (JtaPlatformInitiator.java:51) - HHH000490: Using JtaPlatform implementation: [org.hibernate.engine.transaction.jta.platform.internal.NoJtaPlatform]
INFO  | 2025-01-27 10:29:56 | [main] internal.DriverManagerConnectionProviderImpl$PoolState (DriverManagerConnectionProviderImpl.java:605) - HHH10001008: Cleaning up connection pool [jdbc:mysql://localhost:3306/hibdemo?useSSL=false]
INFO  | 2025-01-27 10:33:23 | [main] hibernate.Version (Version.java:44) - HHH000412: Hibernate ORM core version 6.1.5.Final
WARN  | 2025-01-27 10:33:23 | [main] stax.LocalXmlResourceResolver (LocalXmlResourceResolver.java:110) - HHH90000012: Recognized obsolete hibernate namespace http://hibernate.sourceforge.net/hibernate-configuration. Use namespace http://www.hibernate.org/dtd/hibernate-configuration instead.  Support for obsolete DTD/XSD namespaces may be removed at any time.
WARN  | 2025-01-27 10:33:24 | [main] internal.DriverManagerConnectionProviderImpl (DriverManagerConnectionProviderImpl.java:77) - HHH10001002: Using built-in connection pool (not intended for production use)
INFO  | 2025-01-27 10:33:24 | [main] internal.DriverManagerConnectionProviderImpl (DriverManagerConnectionProviderImpl.java:136) - HHH10001005: Loaded JDBC driver class: com.mysql.cj.jdbc.Driver
INFO  | 2025-01-27 10:33:24 | [main] internal.DriverManagerConnectionProviderImpl (DriverManagerConnectionProviderImpl.java:158) - HHH10001012: Connecting with JDBC URL [jdbc:mysql://localhost:3306/hibdemo?useSSL=false]
INFO  | 2025-01-27 10:33:24 | [main] internal.DriverManagerConnectionProviderImpl (DriverManagerConnectionProviderImpl.java:167) - HHH10001001: Connection properties: {password=****, user=root}
INFO  | 2025-01-27 10:33:24 | [main] internal.DriverManagerConnectionProviderImpl (DriverManagerConnectionProviderImpl.java:171) - HHH10001003: Autocommit mode: false
INFO  | 2025-01-27 10:33:24 | [main] internal.DriverManagerConnectionProviderImpl$PooledConnections (DriverManagerConnectionProviderImpl.java:363) - HHH10001115: Connection pool size: 50 (min=1)
INFO  | 2025-01-27 10:33:24 | [main] internal.DialectFactoryImpl (DialectFactoryImpl.java:66) - HHH000400: Using dialect: org.hibernate.dialect.MySQL57Dialect
WARN  | 2025-01-27 10:33:24 | [main] internal.DialectFactoryImpl (DialectFactoryImpl.java:73) - HHH90000026: MySQL57Dialect has been deprecated; use org.hibernate.dialect.MySQLDialect instead
INFO  | 2025-01-27 10:33:24 | [main] internal.DdlTransactionIsolatorNonJtaImpl (DdlTransactionIsolatorNonJtaImpl.java:45) - HHH10001501: Connection obtained from JdbcConnectionAccess [org.hibernate.engine.jdbc.env.internal.JdbcEnvironmentInitiator$ConnectionProviderJdbcConnectionAccess@4872669f] for (non-JTA) DDL execution was not in auto-commit mode; the Connection 'local transaction' will be committed and the Connection will be set into auto-commit mode.
INFO  | 2025-01-27 10:33:24 | [main] internal.JtaPlatformInitiator (JtaPlatformInitiator.java:51) - HHH000490: Using JtaPlatform implementation: [org.hibernate.engine.transaction.jta.platform.internal.NoJtaPlatform]
INFO  | 2025-01-27 10:33:25 | [main] internal.DriverManagerConnectionProviderImpl$PoolState (DriverManagerConnectionProviderImpl.java:605) - HHH10001008: Cleaning up connection pool [jdbc:mysql://localhost:3306/hibdemo?useSSL=false]
INFO  | 2025-01-27 10:37:19 | [main] hibernate.Version (Version.java:44) - HHH000412: Hibernate ORM core version 6.1.5.Final
WARN  | 2025-01-27 10:37:19 | [main] stax.LocalXmlResourceResolver (LocalXmlResourceResolver.java:110) - HHH90000012: Recognized obsolete hibernate namespace http://hibernate.sourceforge.net/hibernate-configuration. Use namespace http://www.hibernate.org/dtd/hibernate-configuration instead.  Support for obsolete DTD/XSD namespaces may be removed at any time.
WARN  | 2025-01-27 10:37:20 | [main] internal.DriverManagerConnectionProviderImpl (DriverManagerConnectionProviderImpl.java:77) - HHH10001002: Using built-in connection pool (not intended for production use)
INFO  | 2025-01-27 10:37:20 | [main] internal.DriverManagerConnectionProviderImpl (DriverManagerConnectionProviderImpl.java:136) - HHH10001005: Loaded JDBC driver class: com.mysql.cj.jdbc.Driver
INFO  | 2025-01-27 10:37:20 | [main] internal.DriverManagerConnectionProviderImpl (DriverManagerConnectionProviderImpl.java:158) - HHH10001012: Connecting with JDBC URL [jdbc:mysql://localhost:3306/hibdemo?useSSL=false]
INFO  | 2025-01-27 10:37:20 | [main] internal.DriverManagerConnectionProviderImpl (DriverManagerConnectionProviderImpl.java:167) - HHH10001001: Connection properties: {password=****, user=root}
INFO  | 2025-01-27 10:37:20 | [main] internal.DriverManagerConnectionProviderImpl (DriverManagerConnectionProviderImpl.java:171) - HHH10001003: Autocommit mode: false
INFO  | 2025-01-27 10:37:20 | [main] internal.DriverManagerConnectionProviderImpl$PooledConnections (DriverManagerConnectionProviderImpl.java:363) - HHH10001115: Connection pool size: 50 (min=1)
INFO  | 2025-01-27 10:37:20 | [main] internal.DialectFactoryImpl (DialectFactoryImpl.java:66) - HHH000400: Using dialect: org.hibernate.dialect.MySQL57Dialect
WARN  | 2025-01-27 10:37:20 | [main] internal.DialectFactoryImpl (DialectFactoryImpl.java:73) - HHH90000026: MySQL57Dialect has been deprecated; use org.hibernate.dialect.MySQLDialect instead
INFO  | 2025-01-27 10:37:21 | [main] internal.DdlTransactionIsolatorNonJtaImpl (DdlTransactionIsolatorNonJtaImpl.java:45) - HHH10001501: Connection obtained from JdbcConnectionAccess [org.hibernate.engine.jdbc.env.internal.JdbcEnvironmentInitiator$ConnectionProviderJdbcConnectionAccess@4872669f] for (non-JTA) DDL execution was not in auto-commit mode; the Connection 'local transaction' will be committed and the Connection will be set into auto-commit mode.
INFO  | 2025-01-27 10:37:21 | [main] internal.JtaPlatformInitiator (JtaPlatformInitiator.java:51) - HHH000490: Using JtaPlatform implementation: [org.hibernate.engine.transaction.jta.platform.internal.NoJtaPlatform]
INFO  | 2025-01-27 10:38:18 | [main] hibernate.Version (Version.java:44) - HHH000412: Hibernate ORM core version 6.1.5.Final
WARN  | 2025-01-27 10:38:19 | [main] stax.LocalXmlResourceResolver (LocalXmlResourceResolver.java:110) - HHH90000012: Recognized obsolete hibernate namespace http://hibernate.sourceforge.net/hibernate-configuration. Use namespace http://www.hibernate.org/dtd/hibernate-configuration instead.  Support for obsolete DTD/XSD namespaces may be removed at any time.
WARN  | 2025-01-27 10:38:19 | [main] internal.DriverManagerConnectionProviderImpl (DriverManagerConnectionProviderImpl.java:77) - HHH10001002: Using built-in connection pool (not intended for production use)
INFO  | 2025-01-27 10:38:19 | [main] internal.DriverManagerConnectionProviderImpl (DriverManagerConnectionProviderImpl.java:136) - HHH10001005: Loaded JDBC driver class: com.mysql.cj.jdbc.Driver
INFO  | 2025-01-27 10:38:19 | [main] internal.DriverManagerConnectionProviderImpl (DriverManagerConnectionProviderImpl.java:158) - HHH10001012: Connecting with JDBC URL [jdbc:mysql://localhost:3306/hibdemo?useSSL=false]
INFO  | 2025-01-27 10:38:19 | [main] internal.DriverManagerConnectionProviderImpl (DriverManagerConnectionProviderImpl.java:167) - HHH10001001: Connection properties: {password=****, user=root}
INFO  | 2025-01-27 10:38:19 | [main] internal.DriverManagerConnectionProviderImpl (DriverManagerConnectionProviderImpl.java:171) - HHH10001003: Autocommit mode: false
INFO  | 2025-01-27 10:38:19 | [main] internal.DriverManagerConnectionProviderImpl$PooledConnections (DriverManagerConnectionProviderImpl.java:363) - HHH10001115: Connection pool size: 50 (min=1)
INFO  | 2025-01-27 10:38:19 | [main] internal.DialectFactoryImpl (DialectFactoryImpl.java:66) - HHH000400: Using dialect: org.hibernate.dialect.MySQL57Dialect
WARN  | 2025-01-27 10:38:19 | [main] internal.DialectFactoryImpl (DialectFactoryImpl.java:73) - HHH90000026: MySQL57Dialect has been deprecated; use org.hibernate.dialect.MySQLDialect instead
INFO  | 2025-01-27 10:38:20 | [main] internal.DdlTransactionIsolatorNonJtaImpl (DdlTransactionIsolatorNonJtaImpl.java:45) - HHH10001501: Connection obtained from JdbcConnectionAccess [org.hibernate.engine.jdbc.env.internal.JdbcEnvironmentInitiator$ConnectionProviderJdbcConnectionAccess@4872669f] for (non-JTA) DDL execution was not in auto-commit mode; the Connection 'local transaction' will be committed and the Connection will be set into auto-commit mode.
INFO  | 2025-01-27 10:38:20 | [main] internal.JtaPlatformInitiator (JtaPlatformInitiator.java:51) - HHH000490: Using JtaPlatform implementation: [org.hibernate.engine.transaction.jta.platform.internal.NoJtaPlatform]
INFO  | 2025-01-27 10:38:20 | [main] internal.DriverManagerConnectionProviderImpl$PoolState (DriverManagerConnectionProviderImpl.java:605) - HHH10001008: Cleaning up connection pool [jdbc:mysql://localhost:3306/hibdemo?useSSL=false]
INFO  | 2025-01-27 10:40:31 | [main] hibernate.Version (Version.java:44) - HHH000412: Hibernate ORM core version 6.1.5.Final
WARN  | 2025-01-27 10:40:31 | [main] stax.LocalXmlResourceResolver (LocalXmlResourceResolver.java:110) - HHH90000012: Recognized obsolete hibernate namespace http://hibernate.sourceforge.net/hibernate-configuration. Use namespace http://www.hibernate.org/dtd/hibernate-configuration instead.  Support for obsolete DTD/XSD namespaces may be removed at any time.
WARN  | 2025-01-27 10:40:31 | [main] internal.DriverManagerConnectionProviderImpl (DriverManagerConnectionProviderImpl.java:77) - HHH10001002: Using built-in connection pool (not intended for production use)
INFO  | 2025-01-27 10:40:31 | [main] internal.DriverManagerConnectionProviderImpl (DriverManagerConnectionProviderImpl.java:136) - HHH10001005: Loaded JDBC driver class: com.mysql.cj.jdbc.Driver
INFO  | 2025-01-27 10:40:31 | [main] internal.DriverManagerConnectionProviderImpl (DriverManagerConnectionProviderImpl.java:158) - HHH10001012: Connecting with JDBC URL [jdbc:mysql://localhost:3306/hibdemo?useSSL=false]
INFO  | 2025-01-27 10:40:31 | [main] internal.DriverManagerConnectionProviderImpl (DriverManagerConnectionProviderImpl.java:167) - HHH10001001: Connection properties: {password=****, user=root}
INFO  | 2025-01-27 10:40:31 | [main] internal.DriverManagerConnectionProviderImpl (DriverManagerConnectionProviderImpl.java:171) - HHH10001003: Autocommit mode: false
INFO  | 2025-01-27 10:40:31 | [main] internal.DriverManagerConnectionProviderImpl$PooledConnections (DriverManagerConnectionProviderImpl.java:363) - HHH10001115: Connection pool size: 50 (min=1)
INFO  | 2025-01-27 10:40:31 | [main] internal.DialectFactoryImpl (DialectFactoryImpl.java:66) - HHH000400: Using dialect: org.hibernate.dialect.MySQL57Dialect
WARN  | 2025-01-27 10:40:31 | [main] internal.DialectFactoryImpl (DialectFactoryImpl.java:73) - HHH90000026: MySQL57Dialect has been deprecated; use org.hibernate.dialect.MySQLDialect instead
INFO  | 2025-01-27 10:40:32 | [main] internal.DdlTransactionIsolatorNonJtaImpl (DdlTransactionIsolatorNonJtaImpl.java:45) - HHH10001501: Connection obtained from JdbcConnectionAccess [org.hibernate.engine.jdbc.env.internal.JdbcEnvironmentInitiator$ConnectionProviderJdbcConnectionAccess@4872669f] for (non-JTA) DDL execution was not in auto-commit mode; the Connection 'local transaction' will be committed and the Connection will be set into auto-commit mode.
INFO  | 2025-01-27 10:40:32 | [main] internal.JtaPlatformInitiator (JtaPlatformInitiator.java:51) - HHH000490: Using JtaPlatform implementation: [org.hibernate.engine.transaction.jta.platform.internal.NoJtaPlatform]
INFO  | 2025-01-27 10:40:32 | [main] internal.DriverManagerConnectionProviderImpl$PoolState (DriverManagerConnectionProviderImpl.java:605) - HHH10001008: Cleaning up connection pool [jdbc:mysql://localhost:3306/hibdemo?useSSL=false]
INFO  | 2025-01-27 10:42:33 | [main] hibernate.Version (Version.java:44) - HHH000412: Hibernate ORM core version 6.1.5.Final
WARN  | 2025-01-27 10:42:33 | [main] stax.LocalXmlResourceResolver (LocalXmlResourceResolver.java:110) - HHH90000012: Recognized obsolete hibernate namespace http://hibernate.sourceforge.net/hibernate-configuration. Use namespace http://www.hibernate.org/dtd/hibernate-configuration instead.  Support for obsolete DTD/XSD namespaces may be removed at any time.
WARN  | 2025-01-27 10:42:33 | [main] internal.DriverManagerConnectionProviderImpl (DriverManagerConnectionProviderImpl.java:77) - HHH10001002: Using built-in connection pool (not intended for production use)
INFO  | 2025-01-27 10:42:33 | [main] internal.DriverManagerConnectionProviderImpl (DriverManagerConnectionProviderImpl.java:136) - HHH10001005: Loaded JDBC driver class: com.mysql.cj.jdbc.Driver
INFO  | 2025-01-27 10:42:33 | [main] internal.DriverManagerConnectionProviderImpl (DriverManagerConnectionProviderImpl.java:158) - HHH10001012: Connecting with JDBC URL [jdbc:mysql://localhost:3306/hibdemo?useSSL=false]
INFO  | 2025-01-27 10:42:33 | [main] internal.DriverManagerConnectionProviderImpl (DriverManagerConnectionProviderImpl.java:167) - HHH10001001: Connection properties: {password=****, user=root}
INFO  | 2025-01-27 10:42:33 | [main] internal.DriverManagerConnectionProviderImpl (DriverManagerConnectionProviderImpl.java:171) - HHH10001003: Autocommit mode: false
INFO  | 2025-01-27 10:42:33 | [main] internal.DriverManagerConnectionProviderImpl$PooledConnections (DriverManagerConnectionProviderImpl.java:363) - HHH10001115: Connection pool size: 50 (min=1)
INFO  | 2025-01-27 10:42:34 | [main] internal.DialectFactoryImpl (DialectFactoryImpl.java:66) - HHH000400: Using dialect: org.hibernate.dialect.MySQL57Dialect
WARN  | 2025-01-27 10:42:34 | [main] internal.DialectFactoryImpl (DialectFactoryImpl.java:73) - HHH90000026: MySQL57Dialect has been deprecated; use org.hibernate.dialect.MySQLDialect instead
INFO  | 2025-01-27 10:42:34 | [main] internal.DdlTransactionIsolatorNonJtaImpl (DdlTransactionIsolatorNonJtaImpl.java:45) - HHH10001501: Connection obtained from JdbcConnectionAccess [org.hibernate.engine.jdbc.env.internal.JdbcEnvironmentInitiator$ConnectionProviderJdbcConnectionAccess@4872669f] for (non-JTA) DDL execution was not in auto-commit mode; the Connection 'local transaction' will be committed and the Connection will be set into auto-commit mode.
INFO  | 2025-01-27 10:42:34 | [main] internal.JtaPlatformInitiator (JtaPlatformInitiator.java:51) - HHH000490: Using JtaPlatform implementation: [org.hibernate.engine.transaction.jta.platform.internal.NoJtaPlatform]
INFO  | 2025-01-27 10:42:34 | [main] internal.DriverManagerConnectionProviderImpl$PoolState (DriverManagerConnectionProviderImpl.java:605) - HHH10001008: Cleaning up connection pool [jdbc:mysql://localhost:3306/hibdemo?useSSL=false]
INFO  | 2025-01-27 10:48:33 | [main] hibernate.Version (Version.java:44) - HHH000412: Hibernate ORM core version 6.1.5.Final
WARN  | 2025-01-27 10:48:33 | [main] stax.LocalXmlResourceResolver (LocalXmlResourceResolver.java:110) - HHH90000012: Recognized obsolete hibernate namespace http://hibernate.sourceforge.net/hibernate-configuration. Use namespace http://www.hibernate.org/dtd/hibernate-configuration instead.  Support for obsolete DTD/XSD namespaces may be removed at any time.
WARN  | 2025-01-27 10:48:33 | [main] internal.DriverManagerConnectionProviderImpl (DriverManagerConnectionProviderImpl.java:77) - HHH10001002: Using built-in connection pool (not intended for production use)
INFO  | 2025-01-27 10:48:33 | [main] internal.DriverManagerConnectionProviderImpl (DriverManagerConnectionProviderImpl.java:136) - HHH10001005: Loaded JDBC driver class: com.mysql.cj.jdbc.Driver
INFO  | 2025-01-27 10:48:33 | [main] internal.DriverManagerConnectionProviderImpl (DriverManagerConnectionProviderImpl.java:158) - HHH10001012: Connecting with JDBC URL [jdbc:mysql://localhost:3306/hibdemo?useSSL=false]
INFO  | 2025-01-27 10:48:33 | [main] internal.DriverManagerConnectionProviderImpl (DriverManagerConnectionProviderImpl.java:167) - HHH10001001: Connection properties: {password=****, user=root}
INFO  | 2025-01-27 10:48:33 | [main] internal.DriverManagerConnectionProviderImpl (DriverManagerConnectionProviderImpl.java:171) - HHH10001003: Autocommit mode: false
INFO  | 2025-01-27 10:48:33 | [main] internal.DriverManagerConnectionProviderImpl$PooledConnections (DriverManagerConnectionProviderImpl.java:363) - HHH10001115: Connection pool size: 50 (min=1)
INFO  | 2025-01-27 10:48:34 | [main] internal.DialectFactoryImpl (DialectFactoryImpl.java:66) - HHH000400: Using dialect: org.hibernate.dialect.MySQL57Dialect
WARN  | 2025-01-27 10:48:34 | [main] internal.DialectFactoryImpl (DialectFactoryImpl.java:73) - HHH90000026: MySQL57Dialect has been deprecated; use org.hibernate.dialect.MySQLDialect instead
INFO  | 2025-01-27 10:48:34 | [main] internal.DdlTransactionIsolatorNonJtaImpl (DdlTransactionIsolatorNonJtaImpl.java:45) - HHH10001501: Connection obtained from JdbcConnectionAccess [org.hibernate.engine.jdbc.env.internal.JdbcEnvironmentInitiator$ConnectionProviderJdbcConnectionAccess@4872669f] for (non-JTA) DDL execution was not in auto-commit mode; the Connection 'local transaction' will be committed and the Connection will be set into auto-commit mode.
INFO  | 2025-01-27 10:48:34 | [main] internal.JtaPlatformInitiator (JtaPlatformInitiator.java:51) - HHH000490: Using JtaPlatform implementation: [org.hibernate.engine.transaction.jta.platform.internal.NoJtaPlatform]
INFO  | 2025-01-27 10:48:34 | [main] internal.DriverManagerConnectionProviderImpl$PoolState (DriverManagerConnectionProviderImpl.java:605) - HHH10001008: Cleaning up connection pool [jdbc:mysql://localhost:3306/hibdemo?useSSL=false]
INFO  | 2025-01-27 10:49:44 | [main] hibernate.Version (Version.java:44) - HHH000412: Hibernate ORM core version 6.1.5.Final
WARN  | 2025-01-27 10:49:44 | [main] stax.LocalXmlResourceResolver (LocalXmlResourceResolver.java:110) - HHH90000012: Recognized obsolete hibernate namespace http://hibernate.sourceforge.net/hibernate-configuration. Use namespace http://www.hibernate.org/dtd/hibernate-configuration instead.  Support for obsolete DTD/XSD namespaces may be removed at any time.
WARN  | 2025-01-27 10:49:45 | [main] internal.DriverManagerConnectionProviderImpl (DriverManagerConnectionProviderImpl.java:77) - HHH10001002: Using built-in connection pool (not intended for production use)
INFO  | 2025-01-27 10:49:45 | [main] internal.DriverManagerConnectionProviderImpl (DriverManagerConnectionProviderImpl.java:136) - HHH10001005: Loaded JDBC driver class: com.mysql.cj.jdbc.Driver
INFO  | 2025-01-27 10:49:45 | [main] internal.DriverManagerConnectionProviderImpl (DriverManagerConnectionProviderImpl.java:158) - HHH10001012: Connecting with JDBC URL [jdbc:mysql://localhost:3306/hibdemo?useSSL=false]
INFO  | 2025-01-27 10:49:45 | [main] internal.DriverManagerConnectionProviderImpl (DriverManagerConnectionProviderImpl.java:167) - HHH10001001: Connection properties: {password=****, user=root}
INFO  | 2025-01-27 10:49:45 | [main] internal.DriverManagerConnectionProviderImpl (DriverManagerConnectionProviderImpl.java:171) - HHH10001003: Autocommit mode: false
INFO  | 2025-01-27 10:49:45 | [main] internal.DriverManagerConnectionProviderImpl$PooledConnections (DriverManagerConnectionProviderImpl.java:363) - HHH10001115: Connection pool size: 50 (min=1)
INFO  | 2025-01-27 10:49:45 | [main] internal.DialectFactoryImpl (DialectFactoryImpl.java:66) - HHH000400: Using dialect: org.hibernate.dialect.MySQL57Dialect
WARN  | 2025-01-27 10:49:45 | [main] internal.DialectFactoryImpl (DialectFactoryImpl.java:73) - HHH90000026: MySQL57Dialect has been deprecated; use org.hibernate.dialect.MySQLDialect instead
INFO  | 2025-01-27 10:49:45 | [main] internal.DdlTransactionIsolatorNonJtaImpl (DdlTransactionIsolatorNonJtaImpl.java:45) - HHH10001501: Connection obtained from JdbcConnectionAccess [org.hibernate.engine.jdbc.env.internal.JdbcEnvironmentInitiator$ConnectionProviderJdbcConnectionAccess@4872669f] for (non-JTA) DDL execution was not in auto-commit mode; the Connection 'local transaction' will be committed and the Connection will be set into auto-commit mode.
INFO  | 2025-01-27 10:49:46 | [main] internal.JtaPlatformInitiator (JtaPlatformInitiator.java:51) - HHH000490: Using JtaPlatform implementation: [org.hibernate.engine.transaction.jta.platform.internal.NoJtaPlatform]
INFO  | 2025-01-27 10:49:46 | [main] internal.DriverManagerConnectionProviderImpl$PoolState (DriverManagerConnectionProviderImpl.java:605) - HHH10001008: Cleaning up connection pool [jdbc:mysql://localhost:3306/hibdemo?useSSL=false]
INFO  | 2025-01-27 10:52:06 | [main] hibernate.Version (Version.java:44) - HHH000412: Hibernate ORM core version 6.1.5.Final
WARN  | 2025-01-27 10:52:06 | [main] stax.LocalXmlResourceResolver (LocalXmlResourceResolver.java:110) - HHH90000012: Recognized obsolete hibernate namespace http://hibernate.sourceforge.net/hibernate-configuration. Use namespace http://www.hibernate.org/dtd/hibernate-configuration instead.  Support for obsolete DTD/XSD namespaces may be removed at any time.
WARN  | 2025-01-27 10:52:06 | [main] internal.DriverManagerConnectionProviderImpl (DriverManagerConnectionProviderImpl.java:77) - HHH10001002: Using built-in connection pool (not intended for production use)
INFO  | 2025-01-27 10:52:06 | [main] internal.DriverManagerConnectionProviderImpl (DriverManagerConnectionProviderImpl.java:136) - HHH10001005: Loaded JDBC driver class: com.mysql.cj.jdbc.Driver
INFO  | 2025-01-27 10:52:06 | [main] internal.DriverManagerConnectionProviderImpl (DriverManagerConnectionProviderImpl.java:158) - HHH10001012: Connecting with JDBC URL [jdbc:mysql://localhost:3306/hibdemo?useSSL=false]
INFO  | 2025-01-27 10:52:06 | [main] internal.DriverManagerConnectionProviderImpl (DriverManagerConnectionProviderImpl.java:167) - HHH10001001: Connection properties: {password=****, user=root}
INFO  | 2025-01-27 10:52:06 | [main] internal.DriverManagerConnectionProviderImpl (DriverManagerConnectionProviderImpl.java:171) - HHH10001003: Autocommit mode: false
INFO  | 2025-01-27 10:52:06 | [main] internal.DriverManagerConnectionProviderImpl$PooledConnections (DriverManagerConnectionProviderImpl.java:363) - HHH10001115: Connection pool size: 50 (min=1)
INFO  | 2025-01-27 10:52:06 | [main] internal.DialectFactoryImpl (DialectFactoryImpl.java:66) - HHH000400: Using dialect: org.hibernate.dialect.MySQL57Dialect
WARN  | 2025-01-27 10:52:06 | [main] internal.DialectFactoryImpl (DialectFactoryImpl.java:73) - HHH90000026: MySQL57Dialect has been deprecated; use org.hibernate.dialect.MySQLDialect instead
INFO  | 2025-01-27 10:52:07 | [main] internal.DdlTransactionIsolatorNonJtaImpl (DdlTransactionIsolatorNonJtaImpl.java:45) - HHH10001501: Connection obtained from JdbcConnectionAccess [org.hibernate.engine.jdbc.env.internal.JdbcEnvironmentInitiator$ConnectionProviderJdbcConnectionAccess@4872669f] for (non-JTA) DDL execution was not in auto-commit mode; the Connection 'local transaction' will be committed and the Connection will be set into auto-commit mode.
INFO  | 2025-01-27 10:52:07 | [main] internal.JtaPlatformInitiator (JtaPlatformInitiator.java:51) - HHH000490: Using JtaPlatform implementation: [org.hibernate.engine.transaction.jta.platform.internal.NoJtaPlatform]
INFO  | 2025-01-27 10:52:07 | [main] internal.DriverManagerConnectionProviderImpl$PoolState (DriverManagerConnectionProviderImpl.java:605) - HHH10001008: Cleaning up connection pool [jdbc:mysql://localhost:3306/hibdemo?useSSL=false]
INFO  | 2025-01-27 10:58:22 | [main] hibernate.Version (Version.java:44) - HHH000412: Hibernate ORM core version 6.1.5.Final
WARN  | 2025-01-27 10:58:22 | [main] stax.LocalXmlResourceResolver (LocalXmlResourceResolver.java:110) - HHH90000012: Recognized obsolete hibernate namespace http://hibernate.sourceforge.net/hibernate-configuration. Use namespace http://www.hibernate.org/dtd/hibernate-configuration instead.  Support for obsolete DTD/XSD namespaces may be removed at any time.
WARN  | 2025-01-27 10:58:22 | [main] internal.DriverManagerConnectionProviderImpl (DriverManagerConnectionProviderImpl.java:77) - HHH10001002: Using built-in connection pool (not intended for production use)
INFO  | 2025-01-27 10:58:22 | [main] internal.DriverManagerConnectionProviderImpl (DriverManagerConnectionProviderImpl.java:136) - HHH10001005: Loaded JDBC driver class: com.mysql.cj.jdbc.Driver
INFO  | 2025-01-27 10:58:22 | [main] internal.DriverManagerConnectionProviderImpl (DriverManagerConnectionProviderImpl.java:158) - HHH10001012: Connecting with JDBC URL [jdbc:mysql://localhost:3306/hibdemo?useSSL=false]
INFO  | 2025-01-27 10:58:22 | [main] internal.DriverManagerConnectionProviderImpl (DriverManagerConnectionProviderImpl.java:167) - HHH10001001: Connection properties: {password=****, user=root}
INFO  | 2025-01-27 10:58:22 | [main] internal.DriverManagerConnectionProviderImpl (DriverManagerConnectionProviderImpl.java:171) - HHH10001003: Autocommit mode: false
INFO  | 2025-01-27 10:58:22 | [main] internal.DriverManagerConnectionProviderImpl$PooledConnections (DriverManagerConnectionProviderImpl.java:363) - HHH10001115: Connection pool size: 50 (min=1)
INFO  | 2025-01-27 10:58:22 | [main] internal.DialectFactoryImpl (DialectFactoryImpl.java:66) - HHH000400: Using dialect: org.hibernate.dialect.MySQL57Dialect
WARN  | 2025-01-27 10:58:22 | [main] internal.DialectFactoryImpl (DialectFactoryImpl.java:73) - HHH90000026: MySQL57Dialect has been deprecated; use org.hibernate.dialect.MySQLDialect instead
INFO  | 2025-01-27 10:58:23 | [main] internal.DdlTransactionIsolatorNonJtaImpl (DdlTransactionIsolatorNonJtaImpl.java:45) - HHH10001501: Connection obtained from JdbcConnectionAccess [org.hibernate.engine.jdbc.env.internal.JdbcEnvironmentInitiator$ConnectionProviderJdbcConnectionAccess@1fecfaea] for (non-JTA) DDL execution was not in auto-commit mode; the Connection 'local transaction' will be committed and the Connection will be set into auto-commit mode.
INFO  | 2025-01-27 10:58:23 | [main] internal.JtaPlatformInitiator (JtaPlatformInitiator.java:51) - HHH000490: Using JtaPlatform implementation: [org.hibernate.engine.transaction.jta.platform.internal.NoJtaPlatform]
INFO  | 2025-01-27 10:58:23 | [main] internal.DriverManagerConnectionProviderImpl$PoolState (DriverManagerConnectionProviderImpl.java:605) - HHH10001008: Cleaning up connection pool [jdbc:mysql://localhost:3306/hibdemo?useSSL=false]
INFO  | 2025-01-27 10:59:24 | [main] hibernate.Version (Version.java:44) - HHH000412: Hibernate ORM core version 6.1.5.Final
WARN  | 2025-01-27 10:59:24 | [main] stax.LocalXmlResourceResolver (LocalXmlResourceResolver.java:110) - HHH90000012: Recognized obsolete hibernate namespace http://hibernate.sourceforge.net/hibernate-configuration. Use namespace http://www.hibernate.org/dtd/hibernate-configuration instead.  Support for obsolete DTD/XSD namespaces may be removed at any time.
WARN  | 2025-01-27 10:59:24 | [main] internal.DriverManagerConnectionProviderImpl (DriverManagerConnectionProviderImpl.java:77) - HHH10001002: Using built-in connection pool (not intended for production use)
INFO  | 2025-01-27 10:59:24 | [main] internal.DriverManagerConnectionProviderImpl (DriverManagerConnectionProviderImpl.java:136) - HHH10001005: Loaded JDBC driver class: com.mysql.cj.jdbc.Driver
INFO  | 2025-01-27 10:59:24 | [main] internal.DriverManagerConnectionProviderImpl (DriverManagerConnectionProviderImpl.java:158) - HHH10001012: Connecting with JDBC URL [jdbc:mysql://localhost:3306/hibdemo?useSSL=false]
INFO  | 2025-01-27 10:59:24 | [main] internal.DriverManagerConnectionProviderImpl (DriverManagerConnectionProviderImpl.java:167) - HHH10001001: Connection properties: {password=****, user=root}
INFO  | 2025-01-27 10:59:24 | [main] internal.DriverManagerConnectionProviderImpl (DriverManagerConnectionProviderImpl.java:171) - HHH10001003: Autocommit mode: false
INFO  | 2025-01-27 10:59:24 | [main] internal.DriverManagerConnectionProviderImpl$PooledConnections (DriverManagerConnectionProviderImpl.java:363) - HHH10001115: Connection pool size: 50 (min=1)
INFO  | 2025-01-27 10:59:24 | [main] internal.DialectFactoryImpl (DialectFactoryImpl.java:66) - HHH000400: Using dialect: org.hibernate.dialect.MySQL57Dialect
WARN  | 2025-01-27 10:59:24 | [main] internal.DialectFactoryImpl (DialectFactoryImpl.java:73) - HHH90000026: MySQL57Dialect has been deprecated; use org.hibernate.dialect.MySQLDialect instead
INFO  | 2025-01-27 10:59:25 | [main] internal.DdlTransactionIsolatorNonJtaImpl (DdlTransactionIsolatorNonJtaImpl.java:45) - HHH10001501: Connection obtained from JdbcConnectionAccess [org.hibernate.engine.jdbc.env.internal.JdbcEnvironmentInitiator$ConnectionProviderJdbcConnectionAccess@4872669f] for (non-JTA) DDL execution was not in auto-commit mode; the Connection 'local transaction' will be committed and the Connection will be set into auto-commit mode.
INFO  | 2025-01-27 10:59:25 | [main] internal.JtaPlatformInitiator (JtaPlatformInitiator.java:51) - HHH000490: Using JtaPlatform implementation: [org.hibernate.engine.transaction.jta.platform.internal.NoJtaPlatform]
INFO  | 2025-01-27 10:59:25 | [main] internal.DriverManagerConnectionProviderImpl$PoolState (DriverManagerConnectionProviderImpl.java:605) - HHH10001008: Cleaning up connection pool [jdbc:mysql://localhost:3306/hibdemo?useSSL=false]
INFO  | 2025-01-27 10:59:57 | [main] hibernate.Version (Version.java:44) - HHH000412: Hibernate ORM core version 6.1.5.Final
WARN  | 2025-01-27 10:59:57 | [main] stax.LocalXmlResourceResolver (LocalXmlResourceResolver.java:110) - HHH90000012: Recognized obsolete hibernate namespace http://hibernate.sourceforge.net/hibernate-configuration. Use namespace http://www.hibernate.org/dtd/hibernate-configuration instead.  Support for obsolete DTD/XSD namespaces may be removed at any time.
WARN  | 2025-01-27 10:59:57 | [main] internal.DriverManagerConnectionProviderImpl (DriverManagerConnectionProviderImpl.java:77) - HHH10001002: Using built-in connection pool (not intended for production use)
INFO  | 2025-01-27 10:59:57 | [main] internal.DriverManagerConnectionProviderImpl (DriverManagerConnectionProviderImpl.java:136) - HHH10001005: Loaded JDBC driver class: com.mysql.cj.jdbc.Driver
INFO  | 2025-01-27 10:59:57 | [main] internal.DriverManagerConnectionProviderImpl (DriverManagerConnectionProviderImpl.java:158) - HHH10001012: Connecting with JDBC URL [jdbc:mysql://localhost:3306/hibdemo?useSSL=false]
INFO  | 2025-01-27 10:59:57 | [main] internal.DriverManagerConnectionProviderImpl (DriverManagerConnectionProviderImpl.java:167) - HHH10001001: Connection properties: {password=****, user=root}
INFO  | 2025-01-27 10:59:57 | [main] internal.DriverManagerConnectionProviderImpl (DriverManagerConnectionProviderImpl.java:171) - HHH10001003: Autocommit mode: false
INFO  | 2025-01-27 10:59:57 | [main] internal.DriverManagerConnectionProviderImpl$PooledConnections (DriverManagerConnectionProviderImpl.java:363) - HHH10001115: Connection pool size: 50 (min=1)
INFO  | 2025-01-27 10:59:57 | [main] internal.DialectFactoryImpl (DialectFactoryImpl.java:66) - HHH000400: Using dialect: org.hibernate.dialect.MySQL57Dialect
WARN  | 2025-01-27 10:59:57 | [main] internal.DialectFactoryImpl (DialectFactoryImpl.java:73) - HHH90000026: MySQL57Dialect has been deprecated; use org.hibernate.dialect.MySQLDialect instead
INFO  | 2025-01-27 10:59:58 | [main] internal.DdlTransactionIsolatorNonJtaImpl (DdlTransactionIsolatorNonJtaImpl.java:45) - HHH10001501: Connection obtained from JdbcConnectionAccess [org.hibernate.engine.jdbc.env.internal.JdbcEnvironmentInitiator$ConnectionProviderJdbcConnectionAccess@4872669f] for (non-JTA) DDL execution was not in auto-commit mode; the Connection 'local transaction' will be committed and the Connection will be set into auto-commit mode.
INFO  | 2025-01-27 10:59:58 | [main] internal.JtaPlatformInitiator (JtaPlatformInitiator.java:51) - HHH000490: Using JtaPlatform implementation: [org.hibernate.engine.transaction.jta.platform.internal.NoJtaPlatform]
INFO  | 2025-01-27 10:59:58 | [main] internal.DriverManagerConnectionProviderImpl$PoolState (DriverManagerConnectionProviderImpl.java:605) - HHH10001008: Cleaning up connection pool [jdbc:mysql://localhost:3306/hibdemo?useSSL=false]
INFO  | 2025-01-27 11:00:42 | [main] hibernate.Version (Version.java:44) - HHH000412: Hibernate ORM core version 6.1.5.Final
WARN  | 2025-01-27 11:00:42 | [main] stax.LocalXmlResourceResolver (LocalXmlResourceResolver.java:110) - HHH90000012: Recognized obsolete hibernate namespace http://hibernate.sourceforge.net/hibernate-configuration. Use namespace http://www.hibernate.org/dtd/hibernate-configuration instead.  Support for obsolete DTD/XSD namespaces may be removed at any time.
WARN  | 2025-01-27 11:00:43 | [main] internal.DriverManagerConnectionProviderImpl (DriverManagerConnectionProviderImpl.java:77) - HHH10001002: Using built-in connection pool (not intended for production use)
INFO  | 2025-01-27 11:00:43 | [main] internal.DriverManagerConnectionProviderImpl (DriverManagerConnectionProviderImpl.java:136) - HHH10001005: Loaded JDBC driver class: com.mysql.cj.jdbc.Driver
INFO  | 2025-01-27 11:00:43 | [main] internal.DriverManagerConnectionProviderImpl (DriverManagerConnectionProviderImpl.java:158) - HHH10001012: Connecting with JDBC URL [jdbc:mysql://localhost:3306/hibdemo?useSSL=false]
INFO  | 2025-01-27 11:00:43 | [main] internal.DriverManagerConnectionProviderImpl (DriverManagerConnectionProviderImpl.java:167) - HHH10001001: Connection properties: {password=****, user=root}
INFO  | 2025-01-27 11:00:43 | [main] internal.DriverManagerConnectionProviderImpl (DriverManagerConnectionProviderImpl.java:171) - HHH10001003: Autocommit mode: false
INFO  | 2025-01-27 11:00:43 | [main] internal.DriverManagerConnectionProviderImpl$PooledConnections (DriverManagerConnectionProviderImpl.java:363) - HHH10001115: Connection pool size: 50 (min=1)
INFO  | 2025-01-27 11:00:43 | [main] internal.DialectFactoryImpl (DialectFactoryImpl.java:66) - HHH000400: Using dialect: org.hibernate.dialect.MySQL57Dialect
WARN  | 2025-01-27 11:00:43 | [main] internal.DialectFactoryImpl (DialectFactoryImpl.java:73) - HHH90000026: MySQL57Dialect has been deprecated; use org.hibernate.dialect.MySQLDialect instead
INFO  | 2025-01-27 11:00:43 | [main] internal.DdlTransactionIsolatorNonJtaImpl (DdlTransactionIsolatorNonJtaImpl.java:45) - HHH10001501: Connection obtained from JdbcConnectionAccess [org.hibernate.engine.jdbc.env.internal.JdbcEnvironmentInitiator$ConnectionProviderJdbcConnectionAccess@4872669f] for (non-JTA) DDL execution was not in auto-commit mode; the Connection 'local transaction' will be committed and the Connection will be set into auto-commit mode.
INFO  | 2025-01-27 11:00:43 | [main] internal.JtaPlatformInitiator (JtaPlatformInitiator.java:51) - HHH000490: Using JtaPlatform implementation: [org.hibernate.engine.transaction.jta.platform.internal.NoJtaPlatform]
INFO  | 2025-01-27 11:52:25 | [main] util.LogHelper (LogHelper.java:31) - HHH000204: Processing PersistenceUnitInfo [name: mytraining]
INFO  | 2025-01-27 11:52:25 | [main] hibernate.Version (Version.java:44) - HHH000412: Hibernate ORM core version 6.1.5.Final
WARN  | 2025-01-27 11:52:25 | [main] internal.EntityManagerFactoryBuilderImpl (EntityManagerFactoryBuilderImpl.java:670) - HHH90000021: Encountered deprecated setting [javax.persistence.jdbc.user], use [jakarta.persistence.jdbc.user] instead
WARN  | 2025-01-27 11:52:25 | [main] internal.EntityManagerFactoryBuilderImpl (EntityManagerFactoryBuilderImpl.java:692) - HHH90000021: Encountered deprecated setting [javax.persistence.jdbc.password], use [jakarta.persistence.jdbc.password] instead
WARN  | 2025-01-27 11:52:25 | [main] internal.EntityManagerFactoryBuilderImpl (EntityManagerFactoryBuilderImpl.java:1007) - HHH90000021: Encountered deprecated setting [javax.persistence.jdbc.url], use [jakarta.persistence.jdbc.url] instead
WARN  | 2025-01-27 11:52:25 | [main] internal.EntityManagerFactoryBuilderImpl (EntityManagerFactoryBuilderImpl.java:1014) - HHH90000021: Encountered deprecated setting [javax.persistence.jdbc.driver], use [jakarta.persistence.jdbc.driver] instead
WARN  | 2025-01-27 11:52:25 | [main] internal.DriverManagerConnectionProviderImpl (DriverManagerConnectionProviderImpl.java:77) - HHH10001002: Using built-in connection pool (not intended for production use)
INFO  | 2025-01-27 11:52:25 | [main] internal.DriverManagerConnectionProviderImpl (DriverManagerConnectionProviderImpl.java:136) - HHH10001005: Loaded JDBC driver class: com.mysql.cj.jdbc.Driver
INFO  | 2025-01-27 11:52:25 | [main] internal.DriverManagerConnectionProviderImpl (DriverManagerConnectionProviderImpl.java:158) - HHH10001012: Connecting with JDBC URL [jdbc:mysql://localhost:3306/hibdemo]
INFO  | 2025-01-27 11:52:25 | [main] internal.DriverManagerConnectionProviderImpl (DriverManagerConnectionProviderImpl.java:167) - HHH10001001: Connection properties: {password=****, user=root}
INFO  | 2025-01-27 11:52:25 | [main] internal.DriverManagerConnectionProviderImpl (DriverManagerConnectionProviderImpl.java:171) - HHH10001003: Autocommit mode: false
INFO  | 2025-01-27 11:52:25 | [main] internal.DriverManagerConnectionProviderImpl$PooledConnections (DriverManagerConnectionProviderImpl.java:363) - HHH10001115: Connection pool size: 20 (min=1)
INFO  | 2025-01-27 11:52:26 | [main] internal.DialectFactoryImpl (DialectFactoryImpl.java:66) - HHH000400: Using dialect: org.hibernate.dialect.MySQLDialect
INFO  | 2025-01-27 11:52:26 | [main] internal.DdlTransactionIsolatorNonJtaImpl (DdlTransactionIsolatorNonJtaImpl.java:45) - HHH10001501: Connection obtained from JdbcConnectionAccess [org.hibernate.engine.jdbc.env.internal.JdbcEnvironmentInitiator$ConnectionProviderJdbcConnectionAccess@4ea17147] for (non-JTA) DDL execution was not in auto-commit mode; the Connection 'local transaction' will be committed and the Connection will be set into auto-commit mode.
INFO  | 2025-01-27 11:52:26 | [main] internal.DdlTransactionIsolatorNonJtaImpl (DdlTransactionIsolatorNonJtaImpl.java:45) - HHH10001501: Connection obtained from JdbcConnectionAccess [org.hibernate.engine.jdbc.env.internal.JdbcEnvironmentInitiator$ConnectionProviderJdbcConnectionAccess@13803a94] for (non-JTA) DDL execution was not in auto-commit mode; the Connection 'local transaction' will be committed and the Connection will be set into auto-commit mode.
INFO  | 2025-01-27 11:52:26 | [main] internal.JtaPlatformInitiator (JtaPlatformInitiator.java:51) - HHH000490: Using JtaPlatform implementation: [org.hibernate.engine.transaction.jta.platform.internal.NoJtaPlatform]
INFO  | 2025-01-27 11:52:26 | [main] internal.DriverManagerConnectionProviderImpl$PoolState (DriverManagerConnectionProviderImpl.java:605) - HHH10001008: Cleaning up connection pool [jdbc:mysql://localhost:3306/hibdemo]
